{"contracts\\ACDMPlatform.sol":{"l":{"51":270,"52":270,"53":270,"54":270,"56":270,"57":270,"58":270,"59":270,"60":270,"62":270,"63":270,"67":128,"68":127,"69":126,"73":35,"74":34,"78":142,"79":141,"83":281,"84":280,"88":93,"89":92,"91":91,"92":178,"93":177,"96":90,"100":37,"101":36,"103":35,"104":35,"105":35,"106":51,"108":32,"112":189,"113":180,"117":35,"118":34,"120":33,"121":33,"127":33,"131":13,"133":12,"135":12,"136":12,"137":8,"141":54,"142":53,"143":52,"145":51,"146":51,"148":51,"149":51,"150":51,"151":102,"152":101,"153":101,"155":47,"157":46,"158":43,"159":37,"164":57,"165":56,"169":58,"170":57,"172":12,"173":12,"174":12,"175":10,"176":8,"181":4,"182":3,"186":4,"187":3,"191":26,"193":13},"path":"C:\\Users\\Acer\\Desktop\\_Crypton\\week7\\contracts\\ACDMPlatform.sol","s":{"1":270,"2":270,"3":270,"4":270,"5":270,"6":270,"7":270,"8":270,"9":270,"10":270,"11":270,"12":128,"13":127,"14":35,"15":142,"16":281,"17":280,"18":93,"19":92,"20":91,"21":178,"22":177,"23":90,"24":37,"25":36,"26":35,"27":35,"28":35,"29":51,"30":32,"31":12,"32":189,"33":180,"34":35,"35":34,"36":33,"37":33,"38":33,"39":13,"40":12,"41":12,"42":8,"43":54,"44":53,"45":52,"46":51,"47":51,"48":51,"49":51,"50":51,"51":102,"52":101,"53":101,"54":78,"55":47,"56":46,"57":37,"58":3,"59":57,"60":56,"61":58,"62":57,"63":45,"64":12,"65":12,"66":12,"67":10,"68":8,"69":4,"70":3,"71":4,"72":3,"73":26,"74":13,"75":13},"b":{"1":[127,1],"2":[126,1],"3":[34,1],"4":[141,1],"5":[280,1],"6":[92,1],"7":[91,1],"8":[177,1],"9":[36,1],"10":[35,1],"11":[12,20],"12":[179,1],"13":[34,1],"14":[33,1],"15":[12,1],"16":[53,1],"17":[52,1],"18":[51,1],"19":[78,23],"20":[43,3],"21":[57,1],"22":[45,12],"23":[3,1],"24":[3,1],"25":[13,13]},"f":{"1":270,"2":128,"3":35,"4":142,"5":281,"6":93,"7":37,"8":189,"9":35,"10":13,"11":54,"12":57,"13":58,"14":4,"15":4,"16":26},"fnMap":{"1":{"name":"constructor","line":50,"loc":{"start":{"line":50,"column":4},"end":{"line":64,"column":4}}},"2":{"name":"eventOnly","line":66,"loc":{"start":{"line":66,"column":4},"end":{"line":70,"column":4}}},"3":{"name":"onlyDAO","line":72,"loc":{"start":{"line":72,"column":4},"end":{"line":75,"column":4}}},"4":{"name":"registeredOnly","line":77,"loc":{"start":{"line":77,"column":4},"end":{"line":80,"column":4}}},"5":{"name":"register","line":82,"loc":{"start":{"line":82,"column":4},"end":{"line":85,"column":4}}},"6":{"name":"register","line":87,"loc":{"start":{"line":87,"column":4},"end":{"line":97,"column":4}}},"7":{"name":"buy","line":99,"loc":{"start":{"line":99,"column":4},"end":{"line":109,"column":4}}},"8":{"name":"_transfer","line":111,"loc":{"start":{"line":111,"column":4},"end":{"line":114,"column":4}}},"9":{"name":"list","line":116,"loc":{"start":{"line":116,"column":4},"end":{"line":128,"column":4}}},"10":{"name":"cancel","line":130,"loc":{"start":{"line":130,"column":4},"end":{"line":138,"column":4}}},"11":{"name":"buy","line":140,"loc":{"start":{"line":140,"column":4},"end":{"line":161,"column":4}}},"12":{"name":"_swithTrade","line":163,"loc":{"start":{"line":163,"column":4},"end":{"line":166,"column":4}}},"13":{"name":"swithEvent","line":168,"loc":{"start":{"line":168,"column":4},"end":{"line":178,"column":4}}},"14":{"name":"changeSaleRefPercents","line":180,"loc":{"start":{"line":180,"column":4},"end":{"line":183,"column":4}}},"15":{"name":"changeTradeRefPercent","line":185,"loc":{"start":{"line":185,"column":4},"end":{"line":188,"column":4}}},"16":{"name":"getComission","line":190,"loc":{"start":{"line":190,"column":4},"end":{"line":200,"column":4}}}},"statementMap":{"1":{"start":{"line":51,"column":8},"end":{"line":51,"column":25}},"2":{"start":{"line":52,"column":8},"end":{"line":52,"column":17}},"3":{"start":{"line":53,"column":8},"end":{"line":53,"column":45}},"4":{"start":{"line":54,"column":8},"end":{"line":54,"column":37}},"5":{"start":{"line":56,"column":8},"end":{"line":56,"column":22}},"6":{"start":{"line":57,"column":8},"end":{"line":57,"column":22}},"7":{"start":{"line":58,"column":8},"end":{"line":58,"column":38}},"8":{"start":{"line":59,"column":8},"end":{"line":59,"column":32}},"9":{"start":{"line":60,"column":8},"end":{"line":60,"column":43}},"10":{"start":{"line":62,"column":8},"end":{"line":62,"column":53}},"11":{"start":{"line":63,"column":8},"end":{"line":63,"column":27}},"12":{"start":{"line":67,"column":8},"end":{"line":67,"column":46}},"13":{"start":{"line":68,"column":8},"end":{"line":68,"column":57}},"14":{"start":{"line":73,"column":8},"end":{"line":73,"column":45}},"15":{"start":{"line":78,"column":8},"end":{"line":78,"column":64}},"16":{"start":{"line":83,"column":8},"end":{"line":83,"column":61}},"17":{"start":{"line":84,"column":8},"end":{"line":84,"column":36}},"18":{"start":{"line":88,"column":8},"end":{"line":88,"column":61}},"19":{"start":{"line":89,"column":8},"end":{"line":89,"column":66}},"20":{"start":{"line":91,"column":8},"end":{"line":91,"column":2684}},"21":{"start":{"line":92,"column":12},"end":{"line":92,"column":67}},"22":{"start":{"line":93,"column":12},"end":{"line":93,"column":52}},"23":{"start":{"line":96,"column":8},"end":{"line":96,"column":36}},"24":{"start":{"line":100,"column":8},"end":{"line":100,"column":71}},"25":{"start":{"line":101,"column":8},"end":{"line":101,"column":66}},"26":{"start":{"line":103,"column":8},"end":{"line":103,"column":26}},"27":{"start":{"line":104,"column":8},"end":{"line":104,"column":38}},"28":{"start":{"line":105,"column":8},"end":{"line":105,"column":3322}},"29":{"start":{"line":106,"column":12},"end":{"line":106,"column":90}},"30":{"start":{"line":108,"column":8},"end":{"line":108,"column":40}},"31":{"start":{"line":108,"column":27},"end":{"line":108,"column":39}},"32":{"start":{"line":112,"column":8},"end":{"line":112,"column":55}},"33":{"start":{"line":113,"column":8},"end":{"line":113,"column":46}},"34":{"start":{"line":117,"column":8},"end":{"line":117,"column":48}},"35":{"start":{"line":118,"column":8},"end":{"line":118,"column":50}},"36":{"start":{"line":120,"column":8},"end":{"line":120,"column":61}},"37":{"start":{"line":121,"column":8},"end":{"line":121,"column":3917}},"38":{"start":{"line":127,"column":8},"end":{"line":127,"column":48}},"39":{"start":{"line":131,"column":8},"end":{"line":131,"column":73}},"40":{"start":{"line":133,"column":8},"end":{"line":133,"column":45}},"41":{"start":{"line":136,"column":8},"end":{"line":136,"column":42}},"42":{"start":{"line":137,"column":8},"end":{"line":137,"column":27}},"43":{"start":{"line":141,"column":8},"end":{"line":141,"column":66}},"44":{"start":{"line":142,"column":8},"end":{"line":142,"column":72}},"45":{"start":{"line":143,"column":8},"end":{"line":143,"column":81}},"46":{"start":{"line":145,"column":8},"end":{"line":145,"column":37}},"47":{"start":{"line":146,"column":8},"end":{"line":146,"column":28}},"48":{"start":{"line":148,"column":8},"end":{"line":148,"column":42}},"49":{"start":{"line":149,"column":8},"end":{"line":149,"column":33}},"50":{"start":{"line":150,"column":8},"end":{"line":150,"column":4929}},"51":{"start":{"line":151,"column":12},"end":{"line":151,"column":71}},"52":{"start":{"line":152,"column":12},"end":{"line":152,"column":29}},"53":{"start":{"line":153,"column":12},"end":{"line":153,"column":96}},"54":{"start":{"line":153,"column":50},"end":{"line":153,"column":95}},"55":{"start":{"line":155,"column":8},"end":{"line":155,"column":44}},"56":{"start":{"line":157,"column":8},"end":{"line":157,"column":5283}},"57":{"start":{"line":159,"column":12},"end":{"line":159,"column":31}},"58":{"start":{"line":160,"column":15},"end":{"line":160,"column":56}},"59":{"start":{"line":164,"column":8},"end":{"line":164,"column":28}},"60":{"start":{"line":165,"column":8},"end":{"line":165,"column":43}},"61":{"start":{"line":169,"column":8},"end":{"line":169,"column":60}},"62":{"start":{"line":170,"column":8},"end":{"line":170,"column":5641}},"63":{"start":{"line":170,"column":35},"end":{"line":170,"column":47}},"64":{"start":{"line":172,"column":12},"end":{"line":172,"column":31}},"65":{"start":{"line":173,"column":12},"end":{"line":173,"column":50}},"66":{"start":{"line":174,"column":12},"end":{"line":174,"column":44}},"67":{"start":{"line":175,"column":12},"end":{"line":175,"column":25}},"68":{"start":{"line":176,"column":12},"end":{"line":176,"column":47}},"69":{"start":{"line":181,"column":8},"end":{"line":181,"column":76}},"70":{"start":{"line":182,"column":8},"end":{"line":182,"column":39}},"71":{"start":{"line":186,"column":8},"end":{"line":186,"column":49}},"72":{"start":{"line":187,"column":8},"end":{"line":187,"column":38}},"73":{"start":{"line":191,"column":8},"end":{"line":191,"column":6401}},"74":{"start":{"line":191,"column":24},"end":{"line":191,"column":62}},"75":{"start":{"line":193,"column":12},"end":{"line":193,"column":6491}}},"branchMap":{"1":{"line":67,"type":"if","locations":[{"start":{"line":67,"column":8},"end":{"line":67,"column":8}},{"start":{"line":67,"column":8},"end":{"line":67,"column":8}}]},"2":{"line":68,"type":"if","locations":[{"start":{"line":68,"column":8},"end":{"line":68,"column":8}},{"start":{"line":68,"column":8},"end":{"line":68,"column":8}}]},"3":{"line":73,"type":"if","locations":[{"start":{"line":73,"column":8},"end":{"line":73,"column":8}},{"start":{"line":73,"column":8},"end":{"line":73,"column":8}}]},"4":{"line":78,"type":"if","locations":[{"start":{"line":78,"column":8},"end":{"line":78,"column":8}},{"start":{"line":78,"column":8},"end":{"line":78,"column":8}}]},"5":{"line":83,"type":"if","locations":[{"start":{"line":83,"column":8},"end":{"line":83,"column":8}},{"start":{"line":83,"column":8},"end":{"line":83,"column":8}}]},"6":{"line":88,"type":"if","locations":[{"start":{"line":88,"column":8},"end":{"line":88,"column":8}},{"start":{"line":88,"column":8},"end":{"line":88,"column":8}}]},"7":{"line":89,"type":"if","locations":[{"start":{"line":89,"column":8},"end":{"line":89,"column":8}},{"start":{"line":89,"column":8},"end":{"line":89,"column":8}}]},"8":{"line":92,"type":"if","locations":[{"start":{"line":92,"column":12},"end":{"line":92,"column":12}},{"start":{"line":92,"column":12},"end":{"line":92,"column":12}}]},"9":{"line":100,"type":"if","locations":[{"start":{"line":100,"column":8},"end":{"line":100,"column":8}},{"start":{"line":100,"column":8},"end":{"line":100,"column":8}}]},"10":{"line":101,"type":"if","locations":[{"start":{"line":101,"column":8},"end":{"line":101,"column":8}},{"start":{"line":101,"column":8},"end":{"line":101,"column":8}}]},"11":{"line":108,"type":"if","locations":[{"start":{"line":108,"column":8},"end":{"line":108,"column":8}},{"start":{"line":108,"column":8},"end":{"line":108,"column":8}}]},"12":{"line":113,"type":"if","locations":[{"start":{"line":113,"column":8},"end":{"line":113,"column":8}},{"start":{"line":113,"column":8},"end":{"line":113,"column":8}}]},"13":{"line":117,"type":"if","locations":[{"start":{"line":117,"column":8},"end":{"line":117,"column":8}},{"start":{"line":117,"column":8},"end":{"line":117,"column":8}}]},"14":{"line":118,"type":"if","locations":[{"start":{"line":118,"column":8},"end":{"line":118,"column":8}},{"start":{"line":118,"column":8},"end":{"line":118,"column":8}}]},"15":{"line":131,"type":"if","locations":[{"start":{"line":131,"column":8},"end":{"line":131,"column":8}},{"start":{"line":131,"column":8},"end":{"line":131,"column":8}}]},"16":{"line":141,"type":"if","locations":[{"start":{"line":141,"column":8},"end":{"line":141,"column":8}},{"start":{"line":141,"column":8},"end":{"line":141,"column":8}}]},"17":{"line":142,"type":"if","locations":[{"start":{"line":142,"column":8},"end":{"line":142,"column":8}},{"start":{"line":142,"column":8},"end":{"line":142,"column":8}}]},"18":{"line":143,"type":"if","locations":[{"start":{"line":143,"column":8},"end":{"line":143,"column":8}},{"start":{"line":143,"column":8},"end":{"line":143,"column":8}}]},"19":{"line":153,"type":"if","locations":[{"start":{"line":153,"column":12},"end":{"line":153,"column":12}},{"start":{"line":153,"column":12},"end":{"line":153,"column":12}}]},"20":{"line":157,"type":"if","locations":[{"start":{"line":157,"column":8},"end":{"line":157,"column":8}},{"start":{"line":157,"column":8},"end":{"line":157,"column":8}}]},"21":{"line":169,"type":"if","locations":[{"start":{"line":169,"column":8},"end":{"line":169,"column":8}},{"start":{"line":169,"column":8},"end":{"line":169,"column":8}}]},"22":{"line":170,"type":"if","locations":[{"start":{"line":170,"column":8},"end":{"line":170,"column":8}},{"start":{"line":170,"column":8},"end":{"line":170,"column":8}}]},"23":{"line":181,"type":"if","locations":[{"start":{"line":181,"column":8},"end":{"line":181,"column":8}},{"start":{"line":181,"column":8},"end":{"line":181,"column":8}}]},"24":{"line":186,"type":"if","locations":[{"start":{"line":186,"column":8},"end":{"line":186,"column":8}},{"start":{"line":186,"column":8},"end":{"line":186,"column":8}}]},"25":{"line":191,"type":"if","locations":[{"start":{"line":191,"column":8},"end":{"line":191,"column":8}},{"start":{"line":191,"column":8},"end":{"line":191,"column":8}}]}}},"contracts\\DAO.sol":{"l":{"33":270,"34":270,"35":270,"36":270,"40":329,"41":327,"45":311,"46":310,"50":271,"51":270,"55":132,"56":131,"58":130,"59":130,"62":130,"64":129,"65":129,"66":129,"67":129,"71":103,"72":102,"74":101,"75":101,"76":101,"77":100,"79":99,"80":99,"82":99,"87":65,"88":63,"90":62,"91":62,"93":56,"94":56,"95":10,"102":12,"104":10,"105":10,"106":9,"107":8,"108":7,"110":6,"112":6,"113":6,"114":6,"115":6,"119":15,"120":14,"122":13,"123":13,"125":12,"126":11,"127":11,"132":3,"137":21,"142":286},"path":"C:\\Users\\Acer\\Desktop\\_Crypton\\week7\\contracts\\DAO.sol","s":{"1":270,"2":270,"3":270,"4":270,"5":329,"6":311,"7":271,"8":270,"9":132,"10":131,"11":130,"12":130,"13":129,"14":129,"15":129,"16":129,"17":103,"18":102,"19":101,"20":101,"21":101,"22":100,"23":99,"24":99,"25":99,"26":93,"27":6,"28":65,"29":63,"30":62,"31":62,"32":56,"33":56,"34":43,"35":12,"36":10,"37":10,"38":9,"39":8,"40":7,"41":6,"42":6,"43":6,"44":6,"45":6,"46":15,"47":14,"48":13,"49":13,"50":12,"51":11,"52":11,"53":3,"54":21,"55":286},"b":{"1":[327,2],"2":[310,1],"3":[270,1],"4":[131,1],"5":[130,1],"6":[129,1],"7":[102,1],"8":[101,1],"9":[100,1],"10":[99,1],"11":[93,6],"12":[63,2],"13":[62,1],"14":[56,6],"15":[43,11],"16":[10,2],"17":[9,1],"18":[8,1],"19":[7,1],"20":[6,1],"21":[14,1],"22":[13,1],"23":[12,1]},"f":{"1":270,"2":329,"3":311,"4":271,"5":132,"6":103,"7":65,"8":12,"9":15,"10":3,"11":21,"12":286},"fnMap":{"1":{"name":"constructor","line":29,"loc":{"start":{"line":29,"column":4},"end":{"line":37,"column":4}}},"2":{"name":"notThis","line":39,"loc":{"start":{"line":39,"column":4},"end":{"line":42,"column":4}}},"3":{"name":"canChange","line":44,"loc":{"start":{"line":44,"column":4},"end":{"line":47,"column":4}}},"4":{"name":"setStaking","line":49,"loc":{"start":{"line":49,"column":4},"end":{"line":52,"column":4}}},"5":{"name":"addProposal","line":54,"loc":{"start":{"line":54,"column":4},"end":{"line":68,"column":4}}},"6":{"name":"vote","line":70,"loc":{"start":{"line":70,"column":4},"end":{"line":84,"column":4}}},"7":{"name":"finish","line":86,"loc":{"start":{"line":86,"column":4},"end":{"line":99,"column":4}}},"8":{"name":"delegate","line":101,"loc":{"start":{"line":101,"column":4},"end":{"line":116,"column":4}}},"9":{"name":"getBack","line":118,"loc":{"start":{"line":118,"column":4},"end":{"line":128,"column":4}}},"10":{"name":"changeQuorum","line":131,"loc":{"start":{"line":131,"column":4},"end":{"line":133,"column":4}}},"11":{"name":"changeDuration","line":136,"loc":{"start":{"line":136,"column":4},"end":{"line":138,"column":4}}},"12":{"name":"changePersonRights","line":141,"loc":{"start":{"line":141,"column":4},"end":{"line":143,"column":4}}}},"statementMap":{"1":{"start":{"line":33,"column":8},"end":{"line":33,"column":25}},"2":{"start":{"line":34,"column":8},"end":{"line":34,"column":37}},"3":{"start":{"line":35,"column":8},"end":{"line":35,"column":43}},"4":{"start":{"line":36,"column":8},"end":{"line":36,"column":37}},"5":{"start":{"line":40,"column":8},"end":{"line":40,"column":76}},"6":{"start":{"line":45,"column":8},"end":{"line":45,"column":84}},"7":{"start":{"line":50,"column":8},"end":{"line":50,"column":49}},"8":{"start":{"line":51,"column":8},"end":{"line":51,"column":35}},"9":{"start":{"line":55,"column":8},"end":{"line":55,"column":67}},"10":{"start":{"line":56,"column":8},"end":{"line":56,"column":72}},"11":{"start":{"line":58,"column":8},"end":{"line":58,"column":23}},"12":{"start":{"line":62,"column":8},"end":{"line":62,"column":68}},"13":{"start":{"line":64,"column":8},"end":{"line":64,"column":45}},"14":{"start":{"line":65,"column":8},"end":{"line":65,"column":58}},"15":{"start":{"line":66,"column":8},"end":{"line":66,"column":31}},"16":{"start":{"line":67,"column":8},"end":{"line":67,"column":33}},"17":{"start":{"line":71,"column":8},"end":{"line":71,"column":54}},"18":{"start":{"line":72,"column":8},"end":{"line":72,"column":71}},"19":{"start":{"line":74,"column":8},"end":{"line":74,"column":36}},"20":{"start":{"line":75,"column":8},"end":{"line":75,"column":85}},"21":{"start":{"line":76,"column":8},"end":{"line":76,"column":57}},"22":{"start":{"line":77,"column":8},"end":{"line":77,"column":61}},"23":{"start":{"line":79,"column":8},"end":{"line":79,"column":61}},"24":{"start":{"line":80,"column":8},"end":{"line":80,"column":39}},"25":{"start":{"line":82,"column":8},"end":{"line":82,"column":2711}},"26":{"start":{"line":82,"column":24},"end":{"line":82,"column":59}},"27":{"start":{"line":83,"column":13},"end":{"line":83,"column":51}},"28":{"start":{"line":87,"column":8},"end":{"line":87,"column":82}},"29":{"start":{"line":88,"column":8},"end":{"line":88,"column":56}},"30":{"start":{"line":90,"column":8},"end":{"line":90,"column":33}},"31":{"start":{"line":91,"column":8},"end":{"line":91,"column":3038}},"32":{"start":{"line":93,"column":12},"end":{"line":93,"column":104}},"33":{"start":{"line":94,"column":12},"end":{"line":94,"column":31}},"34":{"start":{"line":94,"column":25},"end":{"line":94,"column":31}},"35":{"start":{"line":102,"column":8},"end":{"line":102,"column":71}},"36":{"start":{"line":104,"column":8},"end":{"line":104,"column":36}},"37":{"start":{"line":105,"column":8},"end":{"line":105,"column":59}},"38":{"start":{"line":106,"column":8},"end":{"line":106,"column":66}},"39":{"start":{"line":107,"column":8},"end":{"line":107,"column":63}},"40":{"start":{"line":108,"column":8},"end":{"line":108,"column":67}},"41":{"start":{"line":110,"column":8},"end":{"line":110,"column":61}},"42":{"start":{"line":112,"column":8},"end":{"line":112,"column":82}},"43":{"start":{"line":113,"column":8},"end":{"line":113,"column":39}},"44":{"start":{"line":114,"column":8},"end":{"line":114,"column":47}},"45":{"start":{"line":115,"column":8},"end":{"line":115,"column":55}},"46":{"start":{"line":119,"column":8},"end":{"line":119,"column":71}},"47":{"start":{"line":120,"column":8},"end":{"line":120,"column":69}},"48":{"start":{"line":122,"column":8},"end":{"line":122,"column":66}},"49":{"start":{"line":123,"column":8},"end":{"line":123,"column":58}},"50":{"start":{"line":125,"column":8},"end":{"line":125,"column":49}},"51":{"start":{"line":126,"column":8},"end":{"line":126,"column":50}},"52":{"start":{"line":127,"column":8},"end":{"line":127,"column":43}},"53":{"start":{"line":132,"column":8},"end":{"line":132,"column":37}},"54":{"start":{"line":137,"column":8},"end":{"line":137,"column":35}},"55":{"start":{"line":142,"column":8},"end":{"line":142,"column":49}}},"branchMap":{"1":{"line":40,"type":"if","locations":[{"start":{"line":40,"column":8},"end":{"line":40,"column":8}},{"start":{"line":40,"column":8},"end":{"line":40,"column":8}}]},"2":{"line":45,"type":"if","locations":[{"start":{"line":45,"column":8},"end":{"line":45,"column":8}},{"start":{"line":45,"column":8},"end":{"line":45,"column":8}}]},"3":{"line":50,"type":"if","locations":[{"start":{"line":50,"column":8},"end":{"line":50,"column":8}},{"start":{"line":50,"column":8},"end":{"line":50,"column":8}}]},"4":{"line":55,"type":"if","locations":[{"start":{"line":55,"column":8},"end":{"line":55,"column":8}},{"start":{"line":55,"column":8},"end":{"line":55,"column":8}}]},"5":{"line":56,"type":"if","locations":[{"start":{"line":56,"column":8},"end":{"line":56,"column":8}},{"start":{"line":56,"column":8},"end":{"line":56,"column":8}}]},"6":{"line":62,"type":"if","locations":[{"start":{"line":62,"column":8},"end":{"line":62,"column":8}},{"start":{"line":62,"column":8},"end":{"line":62,"column":8}}]},"7":{"line":71,"type":"if","locations":[{"start":{"line":71,"column":8},"end":{"line":71,"column":8}},{"start":{"line":71,"column":8},"end":{"line":71,"column":8}}]},"8":{"line":72,"type":"if","locations":[{"start":{"line":72,"column":8},"end":{"line":72,"column":8}},{"start":{"line":72,"column":8},"end":{"line":72,"column":8}}]},"9":{"line":76,"type":"if","locations":[{"start":{"line":76,"column":8},"end":{"line":76,"column":8}},{"start":{"line":76,"column":8},"end":{"line":76,"column":8}}]},"10":{"line":77,"type":"if","locations":[{"start":{"line":77,"column":8},"end":{"line":77,"column":8}},{"start":{"line":77,"column":8},"end":{"line":77,"column":8}}]},"11":{"line":82,"type":"if","locations":[{"start":{"line":82,"column":8},"end":{"line":82,"column":8}},{"start":{"line":82,"column":8},"end":{"line":82,"column":8}}]},"12":{"line":87,"type":"if","locations":[{"start":{"line":87,"column":8},"end":{"line":87,"column":8}},{"start":{"line":87,"column":8},"end":{"line":87,"column":8}}]},"13":{"line":88,"type":"if","locations":[{"start":{"line":88,"column":8},"end":{"line":88,"column":8}},{"start":{"line":88,"column":8},"end":{"line":88,"column":8}}]},"14":{"line":91,"type":"if","locations":[{"start":{"line":91,"column":8},"end":{"line":91,"column":8}},{"start":{"line":91,"column":8},"end":{"line":91,"column":8}}]},"15":{"line":94,"type":"if","locations":[{"start":{"line":94,"column":12},"end":{"line":94,"column":12}},{"start":{"line":94,"column":12},"end":{"line":94,"column":12}}]},"16":{"line":102,"type":"if","locations":[{"start":{"line":102,"column":8},"end":{"line":102,"column":8}},{"start":{"line":102,"column":8},"end":{"line":102,"column":8}}]},"17":{"line":105,"type":"if","locations":[{"start":{"line":105,"column":8},"end":{"line":105,"column":8}},{"start":{"line":105,"column":8},"end":{"line":105,"column":8}}]},"18":{"line":106,"type":"if","locations":[{"start":{"line":106,"column":8},"end":{"line":106,"column":8}},{"start":{"line":106,"column":8},"end":{"line":106,"column":8}}]},"19":{"line":107,"type":"if","locations":[{"start":{"line":107,"column":8},"end":{"line":107,"column":8}},{"start":{"line":107,"column":8},"end":{"line":107,"column":8}}]},"20":{"line":108,"type":"if","locations":[{"start":{"line":108,"column":8},"end":{"line":108,"column":8}},{"start":{"line":108,"column":8},"end":{"line":108,"column":8}}]},"21":{"line":119,"type":"if","locations":[{"start":{"line":119,"column":8},"end":{"line":119,"column":8}},{"start":{"line":119,"column":8},"end":{"line":119,"column":8}}]},"22":{"line":120,"type":"if","locations":[{"start":{"line":120,"column":8},"end":{"line":120,"column":8}},{"start":{"line":120,"column":8},"end":{"line":120,"column":8}}]},"23":{"line":123,"type":"if","locations":[{"start":{"line":123,"column":8},"end":{"line":123,"column":8}},{"start":{"line":123,"column":8},"end":{"line":123,"column":8}}]}}},"contracts\\Staking.sol":{"l":{"29":270,"30":270,"31":270,"32":270,"33":270,"34":270,"35":270,"39":113,"40":112,"44":781,"45":772,"46":781,"50":755,"51":754,"53":753,"54":753,"56":753,"57":753,"58":753,"59":753,"63":29,"64":29,"66":28,"67":28,"69":28,"70":25,"71":25,"76":14,"77":14,"79":13,"80":13,"81":13,"82":12,"86":4,"87":3,"91":105,"95":3,"99":117},"path":"C:\\Users\\Acer\\Desktop\\_Crypton\\week7\\contracts\\Staking.sol","s":{"1":270,"2":270,"3":270,"4":270,"5":270,"6":270,"7":270,"8":113,"9":781,"10":772,"11":781,"12":755,"13":754,"14":753,"15":753,"16":753,"17":753,"18":753,"19":753,"20":29,"21":29,"22":28,"23":28,"24":28,"25":25,"26":25,"27":14,"28":14,"29":13,"30":13,"31":13,"32":12,"33":4,"34":3,"35":105,"36":102,"37":3,"38":117},"b":{"1":[112,1],"2":[772,9],"3":[754,1],"4":[753,1],"5":[753,0],"6":[28,1],"7":[25,3],"8":[13,1],"9":[3,1],"10":[102,3]},"f":{"1":270,"2":113,"3":781,"4":755,"5":29,"6":14,"7":4,"8":105,"9":3,"10":117},"fnMap":{"1":{"name":"constructor","line":28,"loc":{"start":{"line":28,"column":4},"end":{"line":36,"column":4}}},"2":{"name":"onlyDAO","line":38,"loc":{"start":{"line":38,"column":4},"end":{"line":41,"column":4}}},"3":{"name":"_updateRewards","line":43,"loc":{"start":{"line":43,"column":4},"end":{"line":47,"column":4}}},"4":{"name":"stake","line":49,"loc":{"start":{"line":49,"column":4},"end":{"line":60,"column":4}}},"5":{"name":"getRewards","line":62,"loc":{"start":{"line":62,"column":4},"end":{"line":73,"column":4}}},"6":{"name":"unstake","line":75,"loc":{"start":{"line":75,"column":4},"end":{"line":83,"column":4}}},"7":{"name":"changeLockTime","line":85,"loc":{"start":{"line":85,"column":4},"end":{"line":88,"column":4}}},"8":{"name":"updateFreezing","line":90,"loc":{"start":{"line":90,"column":4},"end":{"line":92,"column":4}}},"9":{"name":"updateRootHash","line":94,"loc":{"start":{"line":94,"column":4},"end":{"line":96,"column":4}}},"10":{"name":"staked","line":98,"loc":{"start":{"line":98,"column":4},"end":{"line":100,"column":4}}}},"statementMap":{"1":{"start":{"line":29,"column":8},"end":{"line":29,"column":17}},"2":{"start":{"line":30,"column":8},"end":{"line":30,"column":47}},"3":{"start":{"line":31,"column":8},"end":{"line":31,"column":49}},"4":{"start":{"line":32,"column":8},"end":{"line":32,"column":31}},"5":{"start":{"line":33,"column":8},"end":{"line":33,"column":33}},"6":{"start":{"line":34,"column":8},"end":{"line":34,"column":27}},"7":{"start":{"line":35,"column":8},"end":{"line":35,"column":24}},"8":{"start":{"line":39,"column":8},"end":{"line":39,"column":45}},"9":{"start":{"line":44,"column":8},"end":{"line":44,"column":1443}},"10":{"start":{"line":45,"column":12},"end":{"line":45,"column":153}},"11":{"start":{"line":46,"column":8},"end":{"line":46,"column":52}},"12":{"start":{"line":50,"column":8},"end":{"line":50,"column":50}},"13":{"start":{"line":51,"column":8},"end":{"line":51,"column":113}},"14":{"start":{"line":53,"column":8},"end":{"line":53,"column":36}},"15":{"start":{"line":54,"column":8},"end":{"line":54,"column":63}},"16":{"start":{"line":56,"column":8},"end":{"line":56,"column":30}},"17":{"start":{"line":57,"column":8},"end":{"line":57,"column":41}},"18":{"start":{"line":58,"column":8},"end":{"line":58,"column":2096}},"19":{"start":{"line":59,"column":12},"end":{"line":59,"column":65}},"20":{"start":{"line":63,"column":8},"end":{"line":63,"column":36}},"21":{"start":{"line":64,"column":8},"end":{"line":64,"column":62}},"22":{"start":{"line":66,"column":8},"end":{"line":66,"column":30}},"23":{"start":{"line":67,"column":8},"end":{"line":67,"column":53}},"24":{"start":{"line":69,"column":8},"end":{"line":69,"column":2420}},"25":{"start":{"line":70,"column":12},"end":{"line":70,"column":43}},"26":{"start":{"line":71,"column":12},"end":{"line":71,"column":48}},"27":{"start":{"line":76,"column":8},"end":{"line":76,"column":36}},"28":{"start":{"line":77,"column":8},"end":{"line":77,"column":79}},"29":{"start":{"line":79,"column":8},"end":{"line":79,"column":19}},"30":{"start":{"line":80,"column":8},"end":{"line":80,"column":45}},"31":{"start":{"line":81,"column":8},"end":{"line":81,"column":34}},"32":{"start":{"line":82,"column":8},"end":{"line":82,"column":43}},"33":{"start":{"line":86,"column":8},"end":{"line":86,"column":45}},"34":{"start":{"line":87,"column":8},"end":{"line":87,"column":27}},"35":{"start":{"line":91,"column":8},"end":{"line":91,"column":88}},"36":{"start":{"line":91,"column":51},"end":{"line":91,"column":87}},"37":{"start":{"line":95,"column":8},"end":{"line":95,"column":27}},"38":{"start":{"line":99,"column":8},"end":{"line":99,"column":36}}},"branchMap":{"1":{"line":39,"type":"if","locations":[{"start":{"line":39,"column":8},"end":{"line":39,"column":8}},{"start":{"line":39,"column":8},"end":{"line":39,"column":8}}]},"2":{"line":44,"type":"if","locations":[{"start":{"line":44,"column":8},"end":{"line":44,"column":8}},{"start":{"line":44,"column":8},"end":{"line":44,"column":8}}]},"3":{"line":50,"type":"if","locations":[{"start":{"line":50,"column":8},"end":{"line":50,"column":8}},{"start":{"line":50,"column":8},"end":{"line":50,"column":8}}]},"4":{"line":51,"type":"if","locations":[{"start":{"line":51,"column":8},"end":{"line":51,"column":8}},{"start":{"line":51,"column":8},"end":{"line":51,"column":8}}]},"5":{"line":58,"type":"if","locations":[{"start":{"line":58,"column":8},"end":{"line":58,"column":8}},{"start":{"line":58,"column":8},"end":{"line":58,"column":8}}]},"6":{"line":64,"type":"if","locations":[{"start":{"line":64,"column":8},"end":{"line":64,"column":8}},{"start":{"line":64,"column":8},"end":{"line":64,"column":8}}]},"7":{"line":69,"type":"if","locations":[{"start":{"line":69,"column":8},"end":{"line":69,"column":8}},{"start":{"line":69,"column":8},"end":{"line":69,"column":8}}]},"8":{"line":77,"type":"if","locations":[{"start":{"line":77,"column":8},"end":{"line":77,"column":8}},{"start":{"line":77,"column":8},"end":{"line":77,"column":8}}]},"9":{"line":86,"type":"if","locations":[{"start":{"line":86,"column":8},"end":{"line":86,"column":8}},{"start":{"line":86,"column":8},"end":{"line":86,"column":8}}]},"10":{"line":91,"type":"if","locations":[{"start":{"line":91,"column":8},"end":{"line":91,"column":8}},{"start":{"line":91,"column":8},"end":{"line":91,"column":8}}]}}}}